processing num: 2
num_trailing_zeros in 2 : 0
last non zero digit: 2
num_trailing_zeros after mult 2 : 0
residual mult: 2
---
processing num: 3
num_trailing_zeros in 3 : 0
last non zero digit: 3
num_trailing_zeros after mult 6 : 0
residual mult: 6
---
processing num: 4
num_trailing_zeros in 4 : 0
last non zero digit: 4
num_trailing_zeros after mult 24 : 0
residual mult: 4
---
processing num: 5
num_trailing_zeros in 5 : 0
last non zero digit: 5
num_trailing_zeros after mult 2 : 1
residual mult: 2
---
processing num: 6
num_trailing_zeros in 6 : 1
last non zero digit: 6
num_trailing_zeros after mult 12 : 1
residual mult: 2
---
processing num: 7
num_trailing_zeros in 7 : 1
last non zero digit: 7
num_trailing_zeros after mult 14 : 1
residual mult: 4
---
processing num: 8
num_trailing_zeros in 8 : 1
last non zero digit: 8
num_trailing_zeros after mult 32 : 1
residual mult: 2
---
processing num: 9
num_trailing_zeros in 9 : 1
last non zero digit: 9
num_trailing_zeros after mult 18 : 1
residual mult: 8
---
processing num: 10
num_trailing_zeros in 1 : 2
last non zero digit: 1
num_trailing_zeros after mult 8 : 2
residual mult: 8
---
processing num: 11
num_trailing_zeros in 11 : 2
last non zero digit: 1
num_trailing_zeros after mult 8 : 2
residual mult: 8
---
processing num: 12
num_trailing_zeros in 12 : 2
last non zero digit: 2
num_trailing_zeros after mult 16 : 2
residual mult: 6
---
processing num: 13
num_trailing_zeros in 13 : 2
last non zero digit: 3
num_trailing_zeros after mult 18 : 2
residual mult: 8
---
processing num: 14
num_trailing_zeros in 14 : 2
last non zero digit: 4
num_trailing_zeros after mult 32 : 2
residual mult: 2
---
processing num: 15
num_trailing_zeros in 15 : 2
last non zero digit: 5
num_trailing_zeros after mult 1 : 3
residual mult: 1
---
processing num: 16
num_trailing_zeros in 16 : 3
last non zero digit: 6
num_trailing_zeros after mult 6 : 3
residual mult: 6
---
processing num: 17
num_trailing_zeros in 17 : 3
last non zero digit: 7
num_trailing_zeros after mult 42 : 3
residual mult: 2
---
processing num: 18
num_trailing_zeros in 18 : 3
last non zero digit: 8
num_trailing_zeros after mult 16 : 3
residual mult: 6
---
processing num: 19
num_trailing_zeros in 19 : 3
last non zero digit: 9
num_trailing_zeros after mult 54 : 3
residual mult: 4
---
processing num: 20
num_trailing_zeros in 2 : 4
last non zero digit: 2
num_trailing_zeros after mult 8 : 4
residual mult: 8
---
processing num: 21
num_trailing_zeros in 21 : 4
last non zero digit: 1
num_trailing_zeros after mult 8 : 4
residual mult: 8
---
processing num: 22
num_trailing_zeros in 22 : 4
last non zero digit: 2
num_trailing_zeros after mult 16 : 4
residual mult: 6
---
processing num: 23
num_trailing_zeros in 23 : 4
last non zero digit: 3
num_trailing_zeros after mult 18 : 4
residual mult: 8
---
processing num: 24
num_trailing_zeros in 24 : 4
last non zero digit: 4
num_trailing_zeros after mult 32 : 4
residual mult: 2
---
processing num: 25
num_trailing_zeros in 25 : 4
last non zero digit: 5
num_trailing_zeros after mult 1 : 5
residual mult: 1
---
processing num: 26
num_trailing_zeros in 26 : 5
last non zero digit: 6
num_trailing_zeros after mult 6 : 5
residual mult: 6
---
processing num: 27
num_trailing_zeros in 27 : 5
last non zero digit: 7
num_trailing_zeros after mult 42 : 5
residual mult: 2
---
processing num: 28
num_trailing_zeros in 28 : 5
last non zero digit: 8
num_trailing_zeros after mult 16 : 5
residual mult: 6
---
processing num: 29
num_trailing_zeros in 29 : 5
last non zero digit: 9
num_trailing_zeros after mult 54 : 5
residual mult: 4
---
processing num: 30
num_trailing_zeros in 3 : 6
last non zero digit: 3
num_trailing_zeros after mult 12 : 6
residual mult: 2
---
processing num: 31
num_trailing_zeros in 31 : 6
last non zero digit: 1
num_trailing_zeros after mult 2 : 6
residual mult: 2
---
processing num: 32
num_trailing_zeros in 32 : 6
last non zero digit: 2
num_trailing_zeros after mult 4 : 6
residual mult: 4
---
processing num: 33
num_trailing_zeros in 33 : 6
last non zero digit: 3
num_trailing_zeros after mult 12 : 6
residual mult: 2
---
processing num: 34
num_trailing_zeros in 34 : 6
last non zero digit: 4
num_trailing_zeros after mult 8 : 6
residual mult: 8
---
processing num: 35
num_trailing_zeros in 35 : 6
last non zero digit: 5
num_trailing_zeros after mult 4 : 7
residual mult: 4
---
processing num: 36
num_trailing_zeros in 36 : 7
last non zero digit: 6
num_trailing_zeros after mult 24 : 7
residual mult: 4
---
processing num: 37
num_trailing_zeros in 37 : 7
last non zero digit: 7
num_trailing_zeros after mult 28 : 7
residual mult: 8
---
processing num: 38
num_trailing_zeros in 38 : 7
last non zero digit: 8
num_trailing_zeros after mult 64 : 7
residual mult: 4
---
processing num: 39
num_trailing_zeros in 39 : 7
last non zero digit: 9
num_trailing_zeros after mult 36 : 7
residual mult: 6
---
processing num: 40
num_trailing_zeros in 4 : 8
last non zero digit: 4
num_trailing_zeros after mult 24 : 8
residual mult: 4
---
processing num: 41
num_trailing_zeros in 41 : 8
last non zero digit: 1
num_trailing_zeros after mult 4 : 8
residual mult: 4
---
processing num: 42
num_trailing_zeros in 42 : 8
last non zero digit: 2
num_trailing_zeros after mult 8 : 8
residual mult: 8
---
processing num: 43
num_trailing_zeros in 43 : 8
last non zero digit: 3
num_trailing_zeros after mult 24 : 8
residual mult: 4
---
processing num: 44
num_trailing_zeros in 44 : 8
last non zero digit: 4
num_trailing_zeros after mult 16 : 8
residual mult: 6
---
processing num: 45
num_trailing_zeros in 45 : 8
last non zero digit: 5
num_trailing_zeros after mult 3 : 9
residual mult: 3
---
processing num: 46
num_trailing_zeros in 46 : 9
last non zero digit: 6
num_trailing_zeros after mult 18 : 9
residual mult: 8
---
processing num: 47
num_trailing_zeros in 47 : 9
last non zero digit: 7
num_trailing_zeros after mult 56 : 9
residual mult: 6
---
processing num: 48
num_trailing_zeros in 48 : 9
last non zero digit: 8
num_trailing_zeros after mult 48 : 9
residual mult: 8
---
processing num: 49
num_trailing_zeros in 49 : 9
last non zero digit: 9
num_trailing_zeros after mult 72 : 9
residual mult: 2
---
processing num: 50
num_trailing_zeros in 5 : 10
last non zero digit: 5
num_trailing_zeros after mult 1 : 11
residual mult: 1
---
processing num: 51
num_trailing_zeros in 51 : 11
last non zero digit: 1
num_trailing_zeros after mult 1 : 11
residual mult: 1
---
processing num: 52
num_trailing_zeros in 52 : 11
last non zero digit: 2
num_trailing_zeros after mult 2 : 11
residual mult: 2
---
processing num: 53
num_trailing_zeros in 53 : 11
last non zero digit: 3
num_trailing_zeros after mult 6 : 11
residual mult: 6
---
processing num: 54
num_trailing_zeros in 54 : 11
last non zero digit: 4
num_trailing_zeros after mult 24 : 11
residual mult: 4
---
processing num: 55
num_trailing_zeros in 55 : 11
last non zero digit: 5
num_trailing_zeros after mult 2 : 12
residual mult: 2
---
processing num: 56
num_trailing_zeros in 56 : 12
last non zero digit: 6
num_trailing_zeros after mult 12 : 12
residual mult: 2
---
processing num: 57
num_trailing_zeros in 57 : 12
last non zero digit: 7
num_trailing_zeros after mult 14 : 12
residual mult: 4
---
processing num: 58
num_trailing_zeros in 58 : 12
last non zero digit: 8
num_trailing_zeros after mult 32 : 12
residual mult: 2
---
processing num: 59
num_trailing_zeros in 59 : 12
last non zero digit: 9
num_trailing_zeros after mult 18 : 12
residual mult: 8
---
processing num: 60
num_trailing_zeros in 6 : 13
last non zero digit: 6
num_trailing_zeros after mult 48 : 13
residual mult: 8
---
processing num: 61
num_trailing_zeros in 61 : 13
last non zero digit: 1
num_trailing_zeros after mult 8 : 13
residual mult: 8
---
processing num: 62
num_trailing_zeros in 62 : 13
last non zero digit: 2
num_trailing_zeros after mult 16 : 13
residual mult: 6
---
processing num: 63
num_trailing_zeros in 63 : 13
last non zero digit: 3
num_trailing_zeros after mult 18 : 13
residual mult: 8
---
processing num: 64
num_trailing_zeros in 64 : 13
last non zero digit: 4
num_trailing_zeros after mult 32 : 13
residual mult: 2
---
processing num: 65
num_trailing_zeros in 65 : 13
last non zero digit: 5
num_trailing_zeros after mult 1 : 14
residual mult: 1
---
processing num: 66
num_trailing_zeros in 66 : 14
last non zero digit: 6
num_trailing_zeros after mult 6 : 14
residual mult: 6
---
processing num: 67
num_trailing_zeros in 67 : 14
last non zero digit: 7
num_trailing_zeros after mult 42 : 14
residual mult: 2
---
processing num: 68
num_trailing_zeros in 68 : 14
last non zero digit: 8
num_trailing_zeros after mult 16 : 14
residual mult: 6
---
processing num: 69
num_trailing_zeros in 69 : 14
last non zero digit: 9
num_trailing_zeros after mult 54 : 14
residual mult: 4
---
processing num: 70
num_trailing_zeros in 7 : 15
last non zero digit: 7
num_trailing_zeros after mult 28 : 15
residual mult: 8
---
processing num: 71
num_trailing_zeros in 71 : 15
last non zero digit: 1
num_trailing_zeros after mult 8 : 15
residual mult: 8
---
processing num: 72
num_trailing_zeros in 72 : 15
last non zero digit: 2
num_trailing_zeros after mult 16 : 15
residual mult: 6
---
processing num: 73
num_trailing_zeros in 73 : 15
last non zero digit: 3
num_trailing_zeros after mult 18 : 15
residual mult: 8
---
processing num: 74
num_trailing_zeros in 74 : 15
last non zero digit: 4
num_trailing_zeros after mult 32 : 15
residual mult: 2
---
processing num: 75
num_trailing_zeros in 75 : 15
last non zero digit: 5
num_trailing_zeros after mult 1 : 16
residual mult: 1
---
processing num: 76
num_trailing_zeros in 76 : 16
last non zero digit: 6
num_trailing_zeros after mult 6 : 16
residual mult: 6
---
processing num: 77
num_trailing_zeros in 77 : 16
last non zero digit: 7
num_trailing_zeros after mult 42 : 16
residual mult: 2
---
processing num: 78
num_trailing_zeros in 78 : 16
last non zero digit: 8
num_trailing_zeros after mult 16 : 16
residual mult: 6
---
processing num: 79
num_trailing_zeros in 79 : 16
last non zero digit: 9
num_trailing_zeros after mult 54 : 16
residual mult: 4
---
processing num: 80
num_trailing_zeros in 8 : 17
last non zero digit: 8
num_trailing_zeros after mult 32 : 17
residual mult: 2
---
processing num: 81
num_trailing_zeros in 81 : 17
last non zero digit: 1
num_trailing_zeros after mult 2 : 17
residual mult: 2
---
processing num: 82
num_trailing_zeros in 82 : 17
last non zero digit: 2
num_trailing_zeros after mult 4 : 17
residual mult: 4
---
processing num: 83
num_trailing_zeros in 83 : 17
last non zero digit: 3
num_trailing_zeros after mult 12 : 17
residual mult: 2
---
processing num: 84
num_trailing_zeros in 84 : 17
last non zero digit: 4
num_trailing_zeros after mult 8 : 17
residual mult: 8
---
processing num: 85
num_trailing_zeros in 85 : 17
last non zero digit: 5
num_trailing_zeros after mult 4 : 18
residual mult: 4
---
processing num: 86
num_trailing_zeros in 86 : 18
last non zero digit: 6
num_trailing_zeros after mult 24 : 18
residual mult: 4
---
processing num: 87
num_trailing_zeros in 87 : 18
last non zero digit: 7
num_trailing_zeros after mult 28 : 18
residual mult: 8
---
processing num: 88
num_trailing_zeros in 88 : 18
last non zero digit: 8
num_trailing_zeros after mult 64 : 18
residual mult: 4
---
processing num: 89
num_trailing_zeros in 89 : 18
last non zero digit: 9
num_trailing_zeros after mult 36 : 18
residual mult: 6
---
processing num: 90
num_trailing_zeros in 9 : 19
last non zero digit: 9
num_trailing_zeros after mult 54 : 19
residual mult: 4
---
processing num: 91
num_trailing_zeros in 91 : 19
last non zero digit: 1
num_trailing_zeros after mult 4 : 19
residual mult: 4
---
processing num: 92
num_trailing_zeros in 92 : 19
last non zero digit: 2
num_trailing_zeros after mult 8 : 19
residual mult: 8
---
processing num: 93
num_trailing_zeros in 93 : 19
last non zero digit: 3
num_trailing_zeros after mult 24 : 19
residual mult: 4
---
processing num: 94
num_trailing_zeros in 94 : 19
last non zero digit: 4
num_trailing_zeros after mult 16 : 19
residual mult: 6
---
processing num: 95
num_trailing_zeros in 95 : 19
last non zero digit: 5
num_trailing_zeros after mult 3 : 20
residual mult: 3
---
processing num: 96
num_trailing_zeros in 96 : 20
last non zero digit: 6
num_trailing_zeros after mult 18 : 20
residual mult: 8
---
processing num: 97
num_trailing_zeros in 97 : 20
last non zero digit: 7
num_trailing_zeros after mult 56 : 20
residual mult: 6
---
processing num: 98
num_trailing_zeros in 98 : 20
last non zero digit: 8
num_trailing_zeros after mult 48 : 20
residual mult: 8
---
processing num: 99
num_trailing_zeros in 99 : 20
last non zero digit: 9
num_trailing_zeros after mult 72 : 20
residual mult: 2
---
processing num: 100
num_trailing_zeros in 1 : 22
last non zero digit: 1
num_trailing_zeros after mult 2 : 22
residual mult: 2
---
processing num: 101
num_trailing_zeros in 101 : 22
last non zero digit: 1
num_trailing_zeros after mult 2 : 22
residual mult: 2
---
processing num: 102
num_trailing_zeros in 102 : 22
last non zero digit: 2
num_trailing_zeros after mult 4 : 22
residual mult: 4
---
processing num: 103
num_trailing_zeros in 103 : 22
last non zero digit: 3
num_trailing_zeros after mult 12 : 22
residual mult: 2
---
processing num: 104
num_trailing_zeros in 104 : 22
last non zero digit: 4
num_trailing_zeros after mult 8 : 22
residual mult: 8
---
processing num: 105
num_trailing_zeros in 105 : 22
last non zero digit: 5
num_trailing_zeros after mult 4 : 23
residual mult: 4
---
processing num: 106
num_trailing_zeros in 106 : 23
last non zero digit: 6
num_trailing_zeros after mult 24 : 23
residual mult: 4
---
processing num: 107
num_trailing_zeros in 107 : 23
last non zero digit: 7
num_trailing_zeros after mult 28 : 23
residual mult: 8
---
processing num: 108
num_trailing_zeros in 108 : 23
last non zero digit: 8
num_trailing_zeros after mult 64 : 23
residual mult: 4
---
processing num: 109
num_trailing_zeros in 109 : 23
last non zero digit: 9
num_trailing_zeros after mult 36 : 23
residual mult: 6
---
processing num: 110
num_trailing_zeros in 11 : 24
last non zero digit: 1
num_trailing_zeros after mult 6 : 24
residual mult: 6
---
processing num: 111
num_trailing_zeros in 111 : 24
last non zero digit: 1
num_trailing_zeros after mult 6 : 24
residual mult: 6
---
processing num: 112
num_trailing_zeros in 112 : 24
last non zero digit: 2
num_trailing_zeros after mult 12 : 24
residual mult: 2
---
processing num: 113
num_trailing_zeros in 113 : 24
last non zero digit: 3
num_trailing_zeros after mult 6 : 24
residual mult: 6
---
processing num: 114
num_trailing_zeros in 114 : 24
last non zero digit: 4
num_trailing_zeros after mult 24 : 24
residual mult: 4
---
processing num: 115
num_trailing_zeros in 115 : 24
last non zero digit: 5
num_trailing_zeros after mult 2 : 25
residual mult: 2
---
processing num: 116
num_trailing_zeros in 116 : 25
last non zero digit: 6
num_trailing_zeros after mult 12 : 25
residual mult: 2
---
processing num: 117
num_trailing_zeros in 117 : 25
last non zero digit: 7
num_trailing_zeros after mult 14 : 25
residual mult: 4
---
processing num: 118
num_trailing_zeros in 118 : 25
last non zero digit: 8
num_trailing_zeros after mult 32 : 25
residual mult: 2
---
processing num: 119
num_trailing_zeros in 119 : 25
last non zero digit: 9
num_trailing_zeros after mult 18 : 25
residual mult: 8
---
processing num: 120
num_trailing_zeros in 12 : 26
last non zero digit: 2
num_trailing_zeros after mult 16 : 26
residual mult: 6
---
processing num: 121
num_trailing_zeros in 121 : 26
last non zero digit: 1
num_trailing_zeros after mult 6 : 26
residual mult: 6
---
processing num: 122
num_trailing_zeros in 122 : 26
last non zero digit: 2
num_trailing_zeros after mult 12 : 26
residual mult: 2
---
processing num: 123
num_trailing_zeros in 123 : 26
last non zero digit: 3
num_trailing_zeros after mult 6 : 26
residual mult: 6
---
processing num: 124
num_trailing_zeros in 124 : 26
last non zero digit: 4
num_trailing_zeros after mult 24 : 26
residual mult: 4
---
processing num: 125
num_trailing_zeros in 125 : 26
last non zero digit: 5
num_trailing_zeros after mult 2 : 27
residual mult: 2
---
processing num: 126
num_trailing_zeros in 126 : 27
last non zero digit: 6
num_trailing_zeros after mult 12 : 27
residual mult: 2
---
processing num: 127
num_trailing_zeros in 127 : 27
last non zero digit: 7
num_trailing_zeros after mult 14 : 27
residual mult: 4
---
processing num: 128
num_trailing_zeros in 128 : 27
last non zero digit: 8
num_trailing_zeros after mult 32 : 27
residual mult: 2
---
processing num: 129
num_trailing_zeros in 129 : 27
last non zero digit: 9
num_trailing_zeros after mult 18 : 27
residual mult: 8
---
processing num: 130
num_trailing_zeros in 13 : 28
last non zero digit: 3
num_trailing_zeros after mult 24 : 28
residual mult: 4
---
processing num: 131
num_trailing_zeros in 131 : 28
last non zero digit: 1
num_trailing_zeros after mult 4 : 28
residual mult: 4
---
processing num: 132
num_trailing_zeros in 132 : 28
last non zero digit: 2
num_trailing_zeros after mult 8 : 28
residual mult: 8
---
processing num: 133
num_trailing_zeros in 133 : 28
last non zero digit: 3
num_trailing_zeros after mult 24 : 28
residual mult: 4
---
processing num: 134
num_trailing_zeros in 134 : 28
last non zero digit: 4
num_trailing_zeros after mult 16 : 28
residual mult: 6
---
processing num: 135
num_trailing_zeros in 135 : 28
last non zero digit: 5
num_trailing_zeros after mult 3 : 29
residual mult: 3
---
processing num: 136
num_trailing_zeros in 136 : 29
last non zero digit: 6
num_trailing_zeros after mult 18 : 29
residual mult: 8
---
processing num: 137
num_trailing_zeros in 137 : 29
last non zero digit: 7
num_trailing_zeros after mult 56 : 29
residual mult: 6
---
processing num: 138
num_trailing_zeros in 138 : 29
last non zero digit: 8
num_trailing_zeros after mult 48 : 29
residual mult: 8
---
processing num: 139
num_trailing_zeros in 139 : 29
last non zero digit: 9
num_trailing_zeros after mult 72 : 29
residual mult: 2
---
processing num: 140
num_trailing_zeros in 14 : 30
last non zero digit: 4
num_trailing_zeros after mult 8 : 30
residual mult: 8
---
processing num: 141
num_trailing_zeros in 141 : 30
last non zero digit: 1
num_trailing_zeros after mult 8 : 30
residual mult: 8
---
processing num: 142
num_trailing_zeros in 142 : 30
last non zero digit: 2
num_trailing_zeros after mult 16 : 30
residual mult: 6
---
processing num: 143
num_trailing_zeros in 143 : 30
last non zero digit: 3
num_trailing_zeros after mult 18 : 30
residual mult: 8
---
processing num: 144
num_trailing_zeros in 144 : 30
last non zero digit: 4
num_trailing_zeros after mult 32 : 30
residual mult: 2
---
processing num: 145
num_trailing_zeros in 145 : 30
last non zero digit: 5
num_trailing_zeros after mult 1 : 31
residual mult: 1
---
processing num: 146
num_trailing_zeros in 146 : 31
last non zero digit: 6
num_trailing_zeros after mult 6 : 31
residual mult: 6
---
processing num: 147
num_trailing_zeros in 147 : 31
last non zero digit: 7
num_trailing_zeros after mult 42 : 31
residual mult: 2
---
processing num: 148
num_trailing_zeros in 148 : 31
last non zero digit: 8
num_trailing_zeros after mult 16 : 31
residual mult: 6
---
processing num: 149
num_trailing_zeros in 149 : 31
last non zero digit: 9
num_trailing_zeros after mult 54 : 31
residual mult: 4
---
processing num: 150
num_trailing_zeros in 15 : 32
last non zero digit: 5
num_trailing_zeros after mult 2 : 33
residual mult: 2
---
processing num: 151
num_trailing_zeros in 151 : 33
last non zero digit: 1
num_trailing_zeros after mult 2 : 33
residual mult: 2
---
processing num: 152
num_trailing_zeros in 152 : 33
last non zero digit: 2
num_trailing_zeros after mult 4 : 33
residual mult: 4
---
processing num: 153
num_trailing_zeros in 153 : 33
last non zero digit: 3
num_trailing_zeros after mult 12 : 33
residual mult: 2
---
processing num: 154
num_trailing_zeros in 154 : 33
last non zero digit: 4
num_trailing_zeros after mult 8 : 33
residual mult: 8
---
processing num: 155
num_trailing_zeros in 155 : 33
last non zero digit: 5
num_trailing_zeros after mult 4 : 34
residual mult: 4
---
processing num: 156
num_trailing_zeros in 156 : 34
last non zero digit: 6
num_trailing_zeros after mult 24 : 34
residual mult: 4
---
processing num: 157
num_trailing_zeros in 157 : 34
last non zero digit: 7
num_trailing_zeros after mult 28 : 34
residual mult: 8
---
processing num: 158
num_trailing_zeros in 158 : 34
last non zero digit: 8
num_trailing_zeros after mult 64 : 34
residual mult: 4
---
processing num: 159
num_trailing_zeros in 159 : 34
last non zero digit: 9
num_trailing_zeros after mult 36 : 34
residual mult: 6
---
processing num: 160
num_trailing_zeros in 16 : 35
last non zero digit: 6
num_trailing_zeros after mult 36 : 35
residual mult: 6
---
processing num: 161
num_trailing_zeros in 161 : 35
last non zero digit: 1
num_trailing_zeros after mult 6 : 35
residual mult: 6
---
processing num: 162
num_trailing_zeros in 162 : 35
last non zero digit: 2
num_trailing_zeros after mult 12 : 35
residual mult: 2
---
processing num: 163
num_trailing_zeros in 163 : 35
last non zero digit: 3
num_trailing_zeros after mult 6 : 35
residual mult: 6
---
processing num: 164
num_trailing_zeros in 164 : 35
last non zero digit: 4
num_trailing_zeros after mult 24 : 35
residual mult: 4
---
processing num: 165
num_trailing_zeros in 165 : 35
last non zero digit: 5
num_trailing_zeros after mult 2 : 36
residual mult: 2
---
processing num: 166
num_trailing_zeros in 166 : 36
last non zero digit: 6
num_trailing_zeros after mult 12 : 36
residual mult: 2
---
processing num: 167
num_trailing_zeros in 167 : 36
last non zero digit: 7
num_trailing_zeros after mult 14 : 36
residual mult: 4
---
processing num: 168
num_trailing_zeros in 168 : 36
last non zero digit: 8
num_trailing_zeros after mult 32 : 36
residual mult: 2
---
processing num: 169
num_trailing_zeros in 169 : 36
last non zero digit: 9
num_trailing_zeros after mult 18 : 36
residual mult: 8
---
processing num: 170
num_trailing_zeros in 17 : 37
last non zero digit: 7
num_trailing_zeros after mult 56 : 37
residual mult: 6
---
processing num: 171
num_trailing_zeros in 171 : 37
last non zero digit: 1
num_trailing_zeros after mult 6 : 37
residual mult: 6
---
processing num: 172
num_trailing_zeros in 172 : 37
last non zero digit: 2
num_trailing_zeros after mult 12 : 37
residual mult: 2
---
processing num: 173
num_trailing_zeros in 173 : 37
last non zero digit: 3
num_trailing_zeros after mult 6 : 37
residual mult: 6
---
processing num: 174
num_trailing_zeros in 174 : 37
last non zero digit: 4
num_trailing_zeros after mult 24 : 37
residual mult: 4
---
processing num: 175
num_trailing_zeros in 175 : 37
last non zero digit: 5
num_trailing_zeros after mult 2 : 38
residual mult: 2
---
processing num: 176
num_trailing_zeros in 176 : 38
last non zero digit: 6
num_trailing_zeros after mult 12 : 38
residual mult: 2
---
processing num: 177
num_trailing_zeros in 177 : 38
last non zero digit: 7
num_trailing_zeros after mult 14 : 38
residual mult: 4
---
processing num: 178
num_trailing_zeros in 178 : 38
last non zero digit: 8
num_trailing_zeros after mult 32 : 38
residual mult: 2
---
processing num: 179
num_trailing_zeros in 179 : 38
last non zero digit: 9
num_trailing_zeros after mult 18 : 38
residual mult: 8
---
processing num: 180
num_trailing_zeros in 18 : 39
last non zero digit: 8
num_trailing_zeros after mult 64 : 39
residual mult: 4
---
processing num: 181
num_trailing_zeros in 181 : 39
last non zero digit: 1
num_trailing_zeros after mult 4 : 39
residual mult: 4
---
processing num: 182
num_trailing_zeros in 182 : 39
last non zero digit: 2
num_trailing_zeros after mult 8 : 39
residual mult: 8
---
processing num: 183
num_trailing_zeros in 183 : 39
last non zero digit: 3
num_trailing_zeros after mult 24 : 39
residual mult: 4
---
processing num: 184
num_trailing_zeros in 184 : 39
last non zero digit: 4
num_trailing_zeros after mult 16 : 39
residual mult: 6
---
processing num: 185
num_trailing_zeros in 185 : 39
last non zero digit: 5
num_trailing_zeros after mult 3 : 40
residual mult: 3
---
processing num: 186
num_trailing_zeros in 186 : 40
last non zero digit: 6
num_trailing_zeros after mult 18 : 40
residual mult: 8
---
processing num: 187
num_trailing_zeros in 187 : 40
last non zero digit: 7
num_trailing_zeros after mult 56 : 40
residual mult: 6
---
processing num: 188
num_trailing_zeros in 188 : 40
last non zero digit: 8
num_trailing_zeros after mult 48 : 40
residual mult: 8
---
processing num: 189
num_trailing_zeros in 189 : 40
last non zero digit: 9
num_trailing_zeros after mult 72 : 40
residual mult: 2
---
processing num: 190
num_trailing_zeros in 19 : 41
last non zero digit: 9
num_trailing_zeros after mult 18 : 41
residual mult: 8
---
processing num: 191
num_trailing_zeros in 191 : 41
last non zero digit: 1
num_trailing_zeros after mult 8 : 41
residual mult: 8
---
processing num: 192
num_trailing_zeros in 192 : 41
last non zero digit: 2
num_trailing_zeros after mult 16 : 41
residual mult: 6
---
processing num: 193
num_trailing_zeros in 193 : 41
last non zero digit: 3
num_trailing_zeros after mult 18 : 41
residual mult: 8
---
processing num: 194
num_trailing_zeros in 194 : 41
last non zero digit: 4
num_trailing_zeros after mult 32 : 41
residual mult: 2
---
processing num: 195
num_trailing_zeros in 195 : 41
last non zero digit: 5
num_trailing_zeros after mult 1 : 42
residual mult: 1
---
processing num: 196
num_trailing_zeros in 196 : 42
last non zero digit: 6
num_trailing_zeros after mult 6 : 42
residual mult: 6
---
processing num: 197
num_trailing_zeros in 197 : 42
last non zero digit: 7
num_trailing_zeros after mult 42 : 42
residual mult: 2
---
processing num: 198
num_trailing_zeros in 198 : 42
last non zero digit: 8
num_trailing_zeros after mult 16 : 42
residual mult: 6
---
processing num: 199
num_trailing_zeros in 199 : 42
last non zero digit: 9
num_trailing_zeros after mult 54 : 42
residual mult: 4
---
processing num: 200
num_trailing_zeros in 2 : 44
last non zero digit: 2
num_trailing_zeros after mult 8 : 44
residual mult: 8
---
processing num: 201
num_trailing_zeros in 201 : 44
last non zero digit: 1
num_trailing_zeros after mult 8 : 44
residual mult: 8
---
processing num: 202
num_trailing_zeros in 202 : 44
last non zero digit: 2
num_trailing_zeros after mult 16 : 44
residual mult: 6
---
processing num: 203
num_trailing_zeros in 203 : 44
last non zero digit: 3
num_trailing_zeros after mult 18 : 44
residual mult: 8
---
processing num: 204
num_trailing_zeros in 204 : 44
last non zero digit: 4
num_trailing_zeros after mult 32 : 44
residual mult: 2
---
processing num: 205
num_trailing_zeros in 205 : 44
last non zero digit: 5
num_trailing_zeros after mult 1 : 45
residual mult: 1
---
processing num: 206
num_trailing_zeros in 206 : 45
last non zero digit: 6
num_trailing_zeros after mult 6 : 45
residual mult: 6
---
processing num: 207
num_trailing_zeros in 207 : 45
last non zero digit: 7
num_trailing_zeros after mult 42 : 45
residual mult: 2
---
processing num: 208
num_trailing_zeros in 208 : 45
last non zero digit: 8
num_trailing_zeros after mult 16 : 45
residual mult: 6
---
processing num: 209
num_trailing_zeros in 209 : 45
last non zero digit: 9
num_trailing_zeros after mult 54 : 45
residual mult: 4
---
processing num: 210
num_trailing_zeros in 21 : 46
last non zero digit: 1
num_trailing_zeros after mult 4 : 46
residual mult: 4
---
processing num: 211
num_trailing_zeros in 211 : 46
last non zero digit: 1
num_trailing_zeros after mult 4 : 46
residual mult: 4
---
processing num: 212
num_trailing_zeros in 212 : 46
last non zero digit: 2
num_trailing_zeros after mult 8 : 46
residual mult: 8
---
processing num: 213
num_trailing_zeros in 213 : 46
last non zero digit: 3
num_trailing_zeros after mult 24 : 46
residual mult: 4
---
processing num: 214
num_trailing_zeros in 214 : 46
last non zero digit: 4
num_trailing_zeros after mult 16 : 46
residual mult: 6
---
processing num: 215
num_trailing_zeros in 215 : 46
last non zero digit: 5
num_trailing_zeros after mult 3 : 47
residual mult: 3
---
processing num: 216
num_trailing_zeros in 216 : 47
last non zero digit: 6
num_trailing_zeros after mult 18 : 47
residual mult: 8
---
processing num: 217
num_trailing_zeros in 217 : 47
last non zero digit: 7
num_trailing_zeros after mult 56 : 47
residual mult: 6
---
processing num: 218
num_trailing_zeros in 218 : 47
last non zero digit: 8
num_trailing_zeros after mult 48 : 47
residual mult: 8
---
processing num: 219
num_trailing_zeros in 219 : 47
last non zero digit: 9
num_trailing_zeros after mult 72 : 47
residual mult: 2
---
processing num: 220
num_trailing_zeros in 22 : 48
last non zero digit: 2
num_trailing_zeros after mult 4 : 48
residual mult: 4
---
processing num: 221
num_trailing_zeros in 221 : 48
last non zero digit: 1
num_trailing_zeros after mult 4 : 48
residual mult: 4
---
processing num: 222
num_trailing_zeros in 222 : 48
last non zero digit: 2
num_trailing_zeros after mult 8 : 48
residual mult: 8
---
processing num: 223
num_trailing_zeros in 223 : 48
last non zero digit: 3
num_trailing_zeros after mult 24 : 48
residual mult: 4
---
processing num: 224
num_trailing_zeros in 224 : 48
last non zero digit: 4
num_trailing_zeros after mult 16 : 48
residual mult: 6
---
processing num: 225
num_trailing_zeros in 225 : 48
last non zero digit: 5
num_trailing_zeros after mult 3 : 49
residual mult: 3
---
processing num: 226
num_trailing_zeros in 226 : 49
last non zero digit: 6
num_trailing_zeros after mult 18 : 49
residual mult: 8
---
processing num: 227
num_trailing_zeros in 227 : 49
last non zero digit: 7
num_trailing_zeros after mult 56 : 49
residual mult: 6
---
processing num: 228
num_trailing_zeros in 228 : 49
last non zero digit: 8
num_trailing_zeros after mult 48 : 49
residual mult: 8
---
processing num: 229
num_trailing_zeros in 229 : 49
last non zero digit: 9
num_trailing_zeros after mult 72 : 49
residual mult: 2
---
processing num: 230
num_trailing_zeros in 23 : 50
last non zero digit: 3
num_trailing_zeros after mult 6 : 50
residual mult: 6
---
processing num: 231
num_trailing_zeros in 231 : 50
last non zero digit: 1
num_trailing_zeros after mult 6 : 50
residual mult: 6
---
processing num: 232
num_trailing_zeros in 232 : 50
last non zero digit: 2
num_trailing_zeros after mult 12 : 50
residual mult: 2
---
processing num: 233
num_trailing_zeros in 233 : 50
last non zero digit: 3
num_trailing_zeros after mult 6 : 50
residual mult: 6
---
processing num: 234
num_trailing_zeros in 234 : 50
last non zero digit: 4
num_trailing_zeros after mult 24 : 50
residual mult: 4
---
processing num: 235
num_trailing_zeros in 235 : 50
last non zero digit: 5
num_trailing_zeros after mult 2 : 51
residual mult: 2
---
processing num: 236
num_trailing_zeros in 236 : 51
last non zero digit: 6
num_trailing_zeros after mult 12 : 51
residual mult: 2
---
processing num: 237
num_trailing_zeros in 237 : 51
last non zero digit: 7
num_trailing_zeros after mult 14 : 51
residual mult: 4
---
processing num: 238
num_trailing_zeros in 238 : 51
last non zero digit: 8
num_trailing_zeros after mult 32 : 51
residual mult: 2
---
processing num: 239
num_trailing_zeros in 239 : 51
last non zero digit: 9
num_trailing_zeros after mult 18 : 51
residual mult: 8
---
51
